This file contains any messages produced by compilers while
running configure, to aid debugging if configure makes a mistake.

It was created by libusb configure 1.0.23, which was
generated by GNU Autoconf 2.71.  Invocation command line was

  $ ./configure --enable-examples-build --enable-tests-build --host i686-w64-mingw32 --prefix /32/L/

## --------- ##
## Platform. ##
## --------- ##

hostname = HP-PAVILION-590
uname -m = x86_64
uname -r = 6.0.0-4-amd64
uname -s = Linux
uname -v = #1 SMP PREEMPT_DYNAMIC Debian 6.0.8-1 (2022-11-11)

/usr/bin/uname -p = unknown
/bin/uname -X     = unknown

/bin/arch              = x86_64
/usr/bin/arch -k       = unknown
/usr/convex/getsysinfo = unknown
/usr/bin/hostinfo      = unknown
/bin/machine           = unknown
/usr/bin/oslevel       = unknown
/bin/universe          = unknown

PATH: /usr/local/sbin/
PATH: /usr/local/bin/
PATH: /usr/sbin/
PATH: /usr/bin/
PATH: /sbin/
PATH: /bin/


## ----------- ##
## Core tests. ##
## ----------- ##

configure:2873: looking for aux files: config.guess config.sub ltmain.sh compile missing install-sh
configure:2886:  trying ./
configure:2915:   ./config.guess found
configure:2915:   ./config.sub found
configure:2915:   ./ltmain.sh found
configure:2915:   ./compile found
configure:2915:   ./missing found
configure:2897:   ./install-sh found
configure:3054: checking for a BSD-compatible install
configure:3127: result: /usr/bin/install -c
configure:3138: checking whether build environment is sane
configure:3193: result: yes
configure:3249: checking for i686-w64-mingw32-strip
configure:3270: found /usr/bin/i686-w64-mingw32-strip
configure:3281: result: i686-w64-mingw32-strip
configure:3352: checking for a race-free mkdir -p
configure:3396: result: /usr/bin/mkdir -p
configure:3403: checking for gawk
configure:3424: found /usr/bin/gawk
configure:3435: result: gawk
configure:3446: checking whether make sets $(MAKE)
configure:3469: result: yes
configure:3499: checking whether make supports nested variables
configure:3517: result: yes
configure:3670: checking whether make supports nested variables
configure:3688: result: yes
configure:3718: checking for i686-w64-mingw32-gcc
configure:3739: found /usr/bin/i686-w64-mingw32-gcc
configure:3750: result: i686-w64-mingw32-gcc
configure:4148: checking for C compiler version
configure:4157: i686-w64-mingw32-gcc --version >&5
i686-w64-mingw32-gcc (GCC) 10-win32 20220324
Copyright (C) 2020 Free Software Foundation, Inc.
This is free software; see the source for copying conditions.  There is NO
warranty; not even for MERCHANTABILITY or FITNESS FOR A PARTICULAR PURPOSE.

configure:4168: $? = 0
configure:4157: i686-w64-mingw32-gcc -v >&5
Using built-in specs.
COLLECT_GCC=i686-w64-mingw32-gcc
COLLECT_LTO_WRAPPER=/usr/lib/gcc/i686-w64-mingw32/10-win32/lto-wrapper
Target: i686-w64-mingw32
Configured with: ../../src/configure --build=x86_64-linux-gnu --prefix=/usr --includedir='/usr/include' --mandir='/usr/share/man' --infodir='/usr/share/info' --sysconfdir=/etc --localstatedir=/var --disable-option-checking --disable-silent-rules --libdir='/usr/lib/x86_64-linux-gnu' --libexecdir='/usr/lib/x86_64-linux-gnu' --disable-maintainer-mode --disable-dependency-tracking --prefix=/usr --enable-shared --enable-static --disable-multilib --with-system-zlib --libexecdir=/usr/lib --without-included-gettext --libdir=/usr/lib --enable-libstdcxx-time=yes --with-tune=generic --with-headers --enable-version-specific-runtime-libs --enable-fully-dynamic-string --enable-libgomp --enable-languages=c,c++,fortran,objc,obj-c++,ada --enable-lto --enable-threads=win32 --program-suffix=-win32 --program-prefix=i686-w64-mingw32- --target=i686-w64-mingw32 --with-as=/usr/bin/i686-w64-mingw32-as --with-ld=/usr/bin/i686-w64-mingw32-ld --enable-libatomic --enable-libstdcxx-filesystem-ts=yes --enable-dependency-tracking SED=/bin/sed --disable-sjlj-exceptions --with-dwarf2
Thread model: win32
Supported LTO compression algorithms: zlib
gcc version 10-win32 20220324 (GCC) 
configure:4168: $? = 0
configure:4157: i686-w64-mingw32-gcc -V >&5
i686-w64-mingw32-gcc: error: unrecognized command-line option '-V'
i686-w64-mingw32-gcc: fatal error: no input files
compilation terminated.
configure:4168: $? = 1
configure:4157: i686-w64-mingw32-gcc -qversion >&5
i686-w64-mingw32-gcc: error: unrecognized command-line option '-qversion'; did you mean '--version'?
i686-w64-mingw32-gcc: fatal error: no input files
compilation terminated.
configure:4168: $? = 1
configure:4157: i686-w64-mingw32-gcc -version >&5
i686-w64-mingw32-gcc: error: unrecognized command-line option '-version'
i686-w64-mingw32-gcc: fatal error: no input files
compilation terminated.
configure:4168: $? = 1
configure:4188: checking whether the C compiler works
configure:4210: i686-w64-mingw32-gcc    conftest.c  >&5
configure:4214: $? = 0
configure:4264: result: yes
configure:4267: checking for C compiler default output file name
configure:4269: result: a.exe
configure:4275: checking for suffix of executables
configure:4282: i686-w64-mingw32-gcc -o conftest.exe    conftest.c  >&5
configure:4286: $? = 0
configure:4309: result: .exe
configure:4331: checking whether we are cross compiling
configure:4339: i686-w64-mingw32-gcc -o conftest.exe    conftest.c  >&5
configure:4343: $? = 0
configure:4350: ./conftest.exe
run-detectors: unable to find an interpreter for ./conftest.exe
configure:4354: $? = 2
configure:4369: result: yes
configure:4374: checking for suffix of object files
configure:4397: i686-w64-mingw32-gcc -c   conftest.c >&5
configure:4401: $? = 0
configure:4423: result: o
configure:4427: checking whether the compiler supports GNU C
configure:4447: i686-w64-mingw32-gcc -c   conftest.c >&5
configure:4447: $? = 0
configure:4457: result: yes
configure:4468: checking whether i686-w64-mingw32-gcc accepts -g
configure:4489: i686-w64-mingw32-gcc -c -g  conftest.c >&5
configure:4489: $? = 0
configure:4533: result: yes
configure:4553: checking for i686-w64-mingw32-gcc option to enable C11 features
configure:4568: i686-w64-mingw32-gcc  -c -g -O2  conftest.c >&5
configure:4568: $? = 0
configure:4586: result: none needed
configure:4702: checking whether i686-w64-mingw32-gcc understands -c and -o together
configure:4725: i686-w64-mingw32-gcc -c conftest.c -o conftest2.o
configure:4728: $? = 0
configure:4725: i686-w64-mingw32-gcc -c conftest.c -o conftest2.o
configure:4728: $? = 0
configure:4740: result: yes
configure:4760: checking whether make supports the include directive
configure:4775: make -f confmf.GNU && cat confinc.out
this is the am__doit target
configure:4778: $? = 0
configure:4797: result: yes (GNU style)
configure:4823: checking dependency style of i686-w64-mingw32-gcc
configure:4935: result: gcc3
configure:4970: checking for i686-w64-mingw32-g++
configure:4991: found /usr/bin/i686-w64-mingw32-g++
configure:5002: result: i686-w64-mingw32-g++
configure:5078: checking for C++ compiler version
configure:5087: i686-w64-mingw32-g++ --version >&5
i686-w64-mingw32-g++ (GCC) 10-win32 20220324
Copyright (C) 2020 Free Software Foundation, Inc.
This is free software; see the source for copying conditions.  There is NO
warranty; not even for MERCHANTABILITY or FITNESS FOR A PARTICULAR PURPOSE.

configure:5098: $? = 0
configure:5087: i686-w64-mingw32-g++ -v >&5
Using built-in specs.
COLLECT_GCC=i686-w64-mingw32-g++
COLLECT_LTO_WRAPPER=/usr/lib/gcc/i686-w64-mingw32/10-win32/lto-wrapper
Target: i686-w64-mingw32
Configured with: ../../src/configure --build=x86_64-linux-gnu --prefix=/usr --includedir='/usr/include' --mandir='/usr/share/man' --infodir='/usr/share/info' --sysconfdir=/etc --localstatedir=/var --disable-option-checking --disable-silent-rules --libdir='/usr/lib/x86_64-linux-gnu' --libexecdir='/usr/lib/x86_64-linux-gnu' --disable-maintainer-mode --disable-dependency-tracking --prefix=/usr --enable-shared --enable-static --disable-multilib --with-system-zlib --libexecdir=/usr/lib --without-included-gettext --libdir=/usr/lib --enable-libstdcxx-time=yes --with-tune=generic --with-headers --enable-version-specific-runtime-libs --enable-fully-dynamic-string --enable-libgomp --enable-languages=c,c++,fortran,objc,obj-c++,ada --enable-lto --enable-threads=win32 --program-suffix=-win32 --program-prefix=i686-w64-mingw32- --target=i686-w64-mingw32 --with-as=/usr/bin/i686-w64-mingw32-as --with-ld=/usr/bin/i686-w64-mingw32-ld --enable-libatomic --enable-libstdcxx-filesystem-ts=yes --enable-dependency-tracking SED=/bin/sed --disable-sjlj-exceptions --with-dwarf2
Thread model: win32
Supported LTO compression algorithms: zlib
gcc version 10-win32 20220324 (GCC) 
configure:5098: $? = 0
configure:5087: i686-w64-mingw32-g++ -V >&5
i686-w64-mingw32-g++: error: unrecognized command-line option '-V'
i686-w64-mingw32-g++: fatal error: no input files
compilation terminated.
configure:5098: $? = 1
configure:5087: i686-w64-mingw32-g++ -qversion >&5
i686-w64-mingw32-g++: error: unrecognized command-line option '-qversion'; did you mean '--version'?
i686-w64-mingw32-g++: fatal error: no input files
compilation terminated.
configure:5098: $? = 1
configure:5102: checking whether the compiler supports GNU C++
configure:5122: i686-w64-mingw32-g++ -c   conftest.cpp >&5
configure:5122: $? = 0
configure:5132: result: yes
configure:5143: checking whether i686-w64-mingw32-g++ accepts -g
configure:5164: i686-w64-mingw32-g++ -c -g  conftest.cpp >&5
configure:5164: $? = 0
configure:5208: result: yes
configure:5228: checking for i686-w64-mingw32-g++ option to enable C++11 features
configure:5243: i686-w64-mingw32-g++  -c -g -O2  conftest.cpp >&5
configure:5243: $? = 0
configure:5261: result: none needed
configure:5327: checking dependency style of i686-w64-mingw32-g++
configure:5439: result: gcc3
configure:5486: checking build system type
configure:5501: result: x86_64-pc-linux-gnu
configure:5521: checking host system type
configure:5535: result: i686-w64-mingw32
configure:5576: checking how to print strings
configure:5603: result: printf
configure:5624: checking for a sed that does not truncate output
configure:5694: result: /usr/bin/sed
configure:5712: checking for grep that handles long lines and -e
configure:5776: result: /usr/bin/grep
configure:5781: checking for egrep
configure:5849: result: /usr/bin/grep -E
configure:5854: checking for fgrep
configure:5922: result: /usr/bin/grep -F
configure:5958: checking for ld used by i686-w64-mingw32-gcc
configure:6026: result: /usr/bin/i686-w64-mingw32-ld
configure:6033: checking if the linker (/usr/bin/i686-w64-mingw32-ld) is GNU ld
configure:6049: result: yes
configure:6061: checking for BSD- or MS-compatible name lister (nm)
configure:6116: result: /usr/bin/i686-w64-mingw32-nm -B
configure:6256: checking the name lister (/usr/bin/i686-w64-mingw32-nm -B) interface
configure:6264: i686-w64-mingw32-gcc -c -g -O2  conftest.c >&5
configure:6267: /usr/bin/i686-w64-mingw32-nm -B "conftest.o"
configure:6270: output
00000000 b .bss
00000000 d .data
00000000 N .debug_abbrev
00000000 N .debug_aranges
00000000 N .debug_info
00000000 N .debug_line
00000000 r .rdata$zzz
00000000 t .text
00000000 B _some_variable
configure:6277: result: BSD nm
configure:6280: checking whether ln -s works
configure:6284: result: yes
configure:6292: checking the maximum length of command line arguments
configure:6424: result: 1572864
configure:6472: checking how to convert x86_64-pc-linux-gnu file names to i686-w64-mingw32 format
configure:6513: result: func_convert_file_nix_to_w32
configure:6520: checking how to convert x86_64-pc-linux-gnu file names to toolchain format
configure:6541: result: func_convert_file_noop
configure:6548: checking for /usr/bin/i686-w64-mingw32-ld option to reload object files
configure:6556: result: -r
configure:6590: checking for i686-w64-mingw32-file
configure:6625: result: no
configure:6635: checking for file
configure:6656: found /usr/bin/file
configure:6667: result: file
configure:6679: WARNING: using cross tools not prefixed with host triplet
configure:6698: checking for i686-w64-mingw32-objdump
configure:6719: found /usr/bin/i686-w64-mingw32-objdump
configure:6730: result: i686-w64-mingw32-objdump
configure:6807: checking how to recognize dependent libraries
configure:7008: result: file_magic ^x86 archive import|^x86 DLL
configure:7053: checking for i686-w64-mingw32-dlltool
configure:7074: found /usr/bin/i686-w64-mingw32-dlltool
configure:7085: result: i686-w64-mingw32-dlltool
configure:7163: checking how to associate runtime and link libraries
configure:7191: result: func_cygming_dll_for_implib
configure:7208: checking for i686-w64-mingw32-ar
configure:7229: found /usr/bin/i686-w64-mingw32-ar
configure:7240: result: i686-w64-mingw32-ar
configure:7342: checking for archiver @FILE support
configure:7360: i686-w64-mingw32-gcc -c -g -O2  conftest.c >&5
configure:7360: $? = 0
configure:7364: i686-w64-mingw32-ar cr libconftest.a @conftest.lst >&5
configure:7367: $? = 0
configure:7372: i686-w64-mingw32-ar cr libconftest.a @conftest.lst >&5
i686-w64-mingw32-ar: conftest.o: No such file or directory
configure:7375: $? = 1
configure:7387: result: @
configure:7405: checking for i686-w64-mingw32-strip
configure:7437: result: i686-w64-mingw32-strip
configure:7514: checking for i686-w64-mingw32-ranlib
configure:7535: found /usr/bin/i686-w64-mingw32-ranlib
configure:7546: result: i686-w64-mingw32-ranlib
configure:7693: checking command to parse /usr/bin/i686-w64-mingw32-nm -B output from i686-w64-mingw32-gcc object
configure:7847: i686-w64-mingw32-gcc -c -g -O2  conftest.c >&5
configure:7850: $? = 0
configure:7854: /usr/bin/i686-w64-mingw32-nm -B conftest.o | /usr/bin/sed -n -e 's/^.*[	 ]\([ABCDGIRSTW][ABCDGIRSTW]*\)[	 ][	 ]*\([_A-Za-z][_A-Za-z0-9]*\)$/\1 \2 \2/p' | /usr/bin/sed '/ __gnu_lto/d' > conftest.nm
cannot find nm_test_var in conftest.nm
configure:7847: i686-w64-mingw32-gcc -c -g -O2  conftest.c >&5
configure:7850: $? = 0
configure:7854: /usr/bin/i686-w64-mingw32-nm -B conftest.o | /usr/bin/sed -n -e 's/^.*[	 ]\([ABCDGIRSTW][ABCDGIRSTW]*\)[	 ][	 ]*_\([_A-Za-z][_A-Za-z0-9]*\)$/\1 _\2 \2/p' | /usr/bin/sed '/ __gnu_lto/d' > conftest.nm
configure:7920: i686-w64-mingw32-gcc -o conftest.exe -g -O2   conftest.c conftstm.o >&5
configure:7923: $? = 0
configure:7961: result: ok
configure:8008: checking for sysroot
configure:8039: result: no
configure:8046: checking for a working dd
configure:8090: result: /usr/bin/dd
configure:8094: checking how to truncate binary pipes
configure:8110: result: /usr/bin/dd bs=4096 count=1
configure:8402: checking for i686-w64-mingw32-mt
configure:8437: result: no
configure:8447: checking for mt
configure:8468: found /usr/bin/mt
configure:8479: result: mt
configure:8502: checking if mt is a manifest tool
configure:8509: mt '-?'
configure:8517: result: no
configure:9242: checking for stdio.h
configure:9242: i686-w64-mingw32-gcc -c -g -O2  conftest.c >&5
configure:9242: $? = 0
configure:9242: result: yes
configure:9242: checking for stdlib.h
configure:9242: i686-w64-mingw32-gcc -c -g -O2  conftest.c >&5
configure:9242: $? = 0
configure:9242: result: yes
configure:9242: checking for string.h
configure:9242: i686-w64-mingw32-gcc -c -g -O2  conftest.c >&5
configure:9242: $? = 0
configure:9242: result: yes
configure:9242: checking for inttypes.h
configure:9242: i686-w64-mingw32-gcc -c -g -O2  conftest.c >&5
configure:9242: $? = 0
configure:9242: result: yes
configure:9242: checking for stdint.h
configure:9242: i686-w64-mingw32-gcc -c -g -O2  conftest.c >&5
configure:9242: $? = 0
configure:9242: result: yes
configure:9242: checking for strings.h
configure:9242: i686-w64-mingw32-gcc -c -g -O2  conftest.c >&5
configure:9242: $? = 0
configure:9242: result: yes
configure:9242: checking for sys/stat.h
configure:9242: i686-w64-mingw32-gcc -c -g -O2  conftest.c >&5
configure:9242: $? = 0
configure:9242: result: yes
configure:9242: checking for sys/types.h
configure:9242: i686-w64-mingw32-gcc -c -g -O2  conftest.c >&5
configure:9242: $? = 0
configure:9242: result: yes
configure:9242: checking for unistd.h
configure:9242: i686-w64-mingw32-gcc -c -g -O2  conftest.c >&5
configure:9242: $? = 0
configure:9242: result: yes
configure:9267: checking for dlfcn.h
configure:9267: i686-w64-mingw32-gcc -c -g -O2  conftest.c >&5
conftest.c:50:10: fatal error: dlfcn.h: No such file or directory
   50 | #include <dlfcn.h>
      |          ^~~~~~~~~
compilation terminated.
configure:9267: $? = 1
configure: failed program was:
| /* confdefs.h */
| #define PACKAGE_NAME "libusb"
| #define PACKAGE_TARNAME "libusb"
| #define PACKAGE_VERSION "1.0.23"
| #define PACKAGE_STRING "libusb 1.0.23"
| #define PACKAGE_BUGREPORT "libusb-devel@lists.sourceforge.net"
| #define PACKAGE_URL "http://libusb.info"
| #define PACKAGE "libusb"
| #define VERSION "1.0.23"
| #define HAVE_STDIO_H 1
| #define HAVE_STDLIB_H 1
| #define HAVE_STRING_H 1
| #define HAVE_INTTYPES_H 1
| #define HAVE_STDINT_H 1
| #define HAVE_STRINGS_H 1
| #define HAVE_SYS_STAT_H 1
| #define HAVE_SYS_TYPES_H 1
| #define HAVE_UNISTD_H 1
| #define STDC_HEADERS 1
| /* end confdefs.h.  */
| #include <stddef.h>
| #ifdef HAVE_STDIO_H
| # include <stdio.h>
| #endif
| #ifdef HAVE_STDLIB_H
| # include <stdlib.h>
| #endif
| #ifdef HAVE_STRING_H
| # include <string.h>
| #endif
| #ifdef HAVE_INTTYPES_H
| # include <inttypes.h>
| #endif
| #ifdef HAVE_STDINT_H
| # include <stdint.h>
| #endif
| #ifdef HAVE_STRINGS_H
| # include <strings.h>
| #endif
| #ifdef HAVE_SYS_TYPES_H
| # include <sys/types.h>
| #endif
| #ifdef HAVE_SYS_STAT_H
| # include <sys/stat.h>
| #endif
| #ifdef HAVE_UNISTD_H
| # include <unistd.h>
| #endif
| 
| #include <dlfcn.h>
configure:9267: result: no
configure:9537: checking for objdir
configure:9553: result: .libs
configure:9817: checking if i686-w64-mingw32-gcc supports -fno-rtti -fno-exceptions
configure:9836: i686-w64-mingw32-gcc -c -g -O2  -fno-rtti -fno-exceptions conftest.c >&5
cc1: warning: command-line option '-fno-rtti' is valid for C++/D/ObjC++ but not for C
configure:9840: $? = 0
configure:9853: result: no
configure:10217: checking for i686-w64-mingw32-gcc option to produce PIC
configure:10225: result: -DDLL_EXPORT -DPIC
configure:10233: checking if i686-w64-mingw32-gcc PIC flag -DDLL_EXPORT -DPIC works
configure:10252: i686-w64-mingw32-gcc -c -g -O2  -DDLL_EXPORT -DPIC -DPIC conftest.c >&5
configure:10256: $? = 0
configure:10269: result: yes
configure:10298: checking if i686-w64-mingw32-gcc static flag -static works
configure:10327: result: yes
configure:10342: checking if i686-w64-mingw32-gcc supports -c -o file.o
configure:10364: i686-w64-mingw32-gcc -c -g -O2  -o out/conftest2.o conftest.c >&5
configure:10368: $? = 0
configure:10390: result: yes
configure:10398: checking if i686-w64-mingw32-gcc supports -c -o file.o
configure:10446: result: yes
configure:10479: checking whether the i686-w64-mingw32-gcc linker (/usr/bin/i686-w64-mingw32-ld) supports shared libraries
configure:11753: result: yes
configure:11790: checking whether -lc should be explicitly linked in
configure:11799: i686-w64-mingw32-gcc -c -g -O2  conftest.c >&5
configure:11802: $? = 0
configure:11817: i686-w64-mingw32-gcc -shared conftest.o  -v -o ./conftest -Wl,--enable-auto-image-base -Xlinker --out-implib -Xlinker conftest 2\>\&1 \| /usr/bin/grep  -lc  \>/dev/null 2\>\&1
configure:11820: $? = 1
configure:11834: result: yes
configure:11994: checking dynamic linker characteristics
configure:12827: result: Win32 ld.exe
configure:12949: checking how to hardcode library paths into programs
configure:12974: result: immediate
configure:13526: checking whether stripping libraries is possible
configure:13535: result: yes
configure:13577: checking if libtool supports shared libraries
configure:13579: result: yes
configure:13582: checking whether to build shared libraries
configure:13607: result: yes
configure:13610: checking whether to build static libraries
configure:13614: result: yes
configure:13637: checking how to run the C++ preprocessor
configure:13659: i686-w64-mingw32-g++ -E  conftest.cpp
configure:13659: $? = 0
configure:13674: i686-w64-mingw32-g++ -E  conftest.cpp
conftest.cpp:22:10: fatal error: ac_nonexistent.h: No such file or directory
   22 | #include <ac_nonexistent.h>
      |          ^~~~~~~~~~~~~~~~~~
compilation terminated.
configure:13674: $? = 1
configure: failed program was:
| /* confdefs.h */
| #define PACKAGE_NAME "libusb"
| #define PACKAGE_TARNAME "libusb"
| #define PACKAGE_VERSION "1.0.23"
| #define PACKAGE_STRING "libusb 1.0.23"
| #define PACKAGE_BUGREPORT "libusb-devel@lists.sourceforge.net"
| #define PACKAGE_URL "http://libusb.info"
| #define PACKAGE "libusb"
| #define VERSION "1.0.23"
| #define HAVE_STDIO_H 1
| #define HAVE_STDLIB_H 1
| #define HAVE_STRING_H 1
| #define HAVE_INTTYPES_H 1
| #define HAVE_STDINT_H 1
| #define HAVE_STRINGS_H 1
| #define HAVE_SYS_STAT_H 1
| #define HAVE_SYS_TYPES_H 1
| #define HAVE_UNISTD_H 1
| #define STDC_HEADERS 1
| #define LT_OBJDIR ".libs/"
| /* end confdefs.h.  */
| #include <ac_nonexistent.h>
configure:13701: result: i686-w64-mingw32-g++ -E
configure:13715: i686-w64-mingw32-g++ -E  conftest.cpp
configure:13715: $? = 0
configure:13730: i686-w64-mingw32-g++ -E  conftest.cpp
conftest.cpp:22:10: fatal error: ac_nonexistent.h: No such file or directory
   22 | #include <ac_nonexistent.h>
      |          ^~~~~~~~~~~~~~~~~~
compilation terminated.
configure:13730: $? = 1
configure: failed program was:
| /* confdefs.h */
| #define PACKAGE_NAME "libusb"
| #define PACKAGE_TARNAME "libusb"
| #define PACKAGE_VERSION "1.0.23"
| #define PACKAGE_STRING "libusb 1.0.23"
| #define PACKAGE_BUGREPORT "libusb-devel@lists.sourceforge.net"
| #define PACKAGE_URL "http://libusb.info"
| #define PACKAGE "libusb"
| #define VERSION "1.0.23"
| #define HAVE_STDIO_H 1
| #define HAVE_STDLIB_H 1
| #define HAVE_STRING_H 1
| #define HAVE_INTTYPES_H 1
| #define HAVE_STDINT_H 1
| #define HAVE_STRINGS_H 1
| #define HAVE_SYS_STAT_H 1
| #define HAVE_SYS_TYPES_H 1
| #define HAVE_UNISTD_H 1
| #define STDC_HEADERS 1
| #define LT_OBJDIR ".libs/"
| /* end confdefs.h.  */
| #include <ac_nonexistent.h>
configure:13895: checking for ld used by i686-w64-mingw32-g++
configure:13963: result: /usr/bin/i686-w64-mingw32-ld
configure:13970: checking if the linker (/usr/bin/i686-w64-mingw32-ld) is GNU ld
configure:13986: result: yes
configure:14041: checking whether the i686-w64-mingw32-g++ linker (/usr/bin/i686-w64-mingw32-ld) supports shared libraries
configure:15119: result: yes
configure:15155: i686-w64-mingw32-g++ -c -g -O2  conftest.cpp >&5
configure:15158: $? = 0
configure:15639: checking for i686-w64-mingw32-g++ option to produce PIC
configure:15647: result: -DDLL_EXPORT -DPIC
configure:15655: checking if i686-w64-mingw32-g++ PIC flag -DDLL_EXPORT -DPIC works
configure:15674: i686-w64-mingw32-g++ -c -g -O2  -DDLL_EXPORT -DPIC -DPIC conftest.cpp >&5
configure:15678: $? = 0
configure:15691: result: yes
configure:15714: checking if i686-w64-mingw32-g++ static flag -static works
configure:15743: result: yes
configure:15755: checking if i686-w64-mingw32-g++ supports -c -o file.o
configure:15777: i686-w64-mingw32-g++ -c -g -O2  -o out/conftest2.o conftest.cpp >&5
configure:15781: $? = 0
configure:15803: result: yes
configure:15808: checking if i686-w64-mingw32-g++ supports -c -o file.o
configure:15856: result: yes
configure:15886: checking whether the i686-w64-mingw32-g++ linker (/usr/bin/i686-w64-mingw32-ld) supports shared libraries
configure:15929: result: yes
configure:16071: checking dynamic linker characteristics
configure:16831: result: Win32 ld.exe
configure:16896: checking how to hardcode library paths into programs
configure:16921: result: immediate
configure:16985: checking for i686-w64-mingw32-windres
configure:17006: found /usr/bin/i686-w64-mingw32-windres
configure:17017: result: i686-w64-mingw32-windres
configure:17162: checking for inline
configure:17179: i686-w64-mingw32-gcc -c -g -O2  conftest.c >&5
configure:17179: $? = 0
configure:17188: result: inline
configure:17213: checking operating system
configure:17252: result: Windows
configure:17671: checking for sys/timerfd.h
configure:17671: i686-w64-mingw32-gcc -c -g -O2  conftest.c >&5
conftest.c:55:10: fatal error: sys/timerfd.h: No such file or directory
   55 | #include <sys/timerfd.h>
      |          ^~~~~~~~~~~~~~~
compilation terminated.
configure:17671: $? = 1
configure: failed program was:
| /* confdefs.h */
| #define PACKAGE_NAME "libusb"
| #define PACKAGE_TARNAME "libusb"
| #define PACKAGE_VERSION "1.0.23"
| #define PACKAGE_STRING "libusb 1.0.23"
| #define PACKAGE_BUGREPORT "libusb-devel@lists.sourceforge.net"
| #define PACKAGE_URL "http://libusb.info"
| #define PACKAGE "libusb"
| #define VERSION "1.0.23"
| #define HAVE_STDIO_H 1
| #define HAVE_STDLIB_H 1
| #define HAVE_STRING_H 1
| #define HAVE_INTTYPES_H 1
| #define HAVE_STDINT_H 1
| #define HAVE_STRINGS_H 1
| #define HAVE_SYS_STAT_H 1
| #define HAVE_SYS_TYPES_H 1
| #define HAVE_UNISTD_H 1
| #define STDC_HEADERS 1
| #define LT_OBJDIR ".libs/"
| #define _GNU_SOURCE 1
| #define OS_WINDOWS 1
| #define POLL_NFDS_TYPE unsigned int
| #define WINVER 0x0501
| #define _WIN32_WINNT 0x0501
| /* end confdefs.h.  */
| #include <stddef.h>
| #ifdef HAVE_STDIO_H
| # include <stdio.h>
| #endif
| #ifdef HAVE_STDLIB_H
| # include <stdlib.h>
| #endif
| #ifdef HAVE_STRING_H
| # include <string.h>
| #endif
| #ifdef HAVE_INTTYPES_H
| # include <inttypes.h>
| #endif
| #ifdef HAVE_STDINT_H
| # include <stdint.h>
| #endif
| #ifdef HAVE_STRINGS_H
| # include <strings.h>
| #endif
| #ifdef HAVE_SYS_TYPES_H
| # include <sys/types.h>
| #endif
| #ifdef HAVE_SYS_STAT_H
| # include <sys/stat.h>
| #endif
| #ifdef HAVE_UNISTD_H
| # include <unistd.h>
| #endif
| #include <sys/timerfd.h>
configure:17671: result: no
configure:17692: checking for i686-w64-mingw32-gcc options needed to detect all undeclared functions
configure:17714: i686-w64-mingw32-gcc -c -g -O2   conftest.c >&5
conftest.c: In function 'main':
conftest.c:31:8: error: 'strchr' undeclared (first use in this function)
   31 | (void) strchr;
      |        ^~~~~~
conftest.c:1:1: note: 'strchr' is defined in header '<string.h>'; did you forget to '#include <string.h>'?
    1 | /* confdefs.h */
conftest.c:31:8: note: each undeclared identifier is reported only once for each function it appears in
   31 | (void) strchr;
      |        ^~~~~~
configure:17714: $? = 1
configure: failed program was:
| /* confdefs.h */
| #define PACKAGE_NAME "libusb"
| #define PACKAGE_TARNAME "libusb"
| #define PACKAGE_VERSION "1.0.23"
| #define PACKAGE_STRING "libusb 1.0.23"
| #define PACKAGE_BUGREPORT "libusb-devel@lists.sourceforge.net"
| #define PACKAGE_URL "http://libusb.info"
| #define PACKAGE "libusb"
| #define VERSION "1.0.23"
| #define HAVE_STDIO_H 1
| #define HAVE_STDLIB_H 1
| #define HAVE_STRING_H 1
| #define HAVE_INTTYPES_H 1
| #define HAVE_STDINT_H 1
| #define HAVE_STRINGS_H 1
| #define HAVE_SYS_STAT_H 1
| #define HAVE_SYS_TYPES_H 1
| #define HAVE_UNISTD_H 1
| #define STDC_HEADERS 1
| #define LT_OBJDIR ".libs/"
| #define _GNU_SOURCE 1
| #define OS_WINDOWS 1
| #define POLL_NFDS_TYPE unsigned int
| #define WINVER 0x0501
| #define _WIN32_WINNT 0x0501
| /* end confdefs.h.  */
| 
| int
| main (void)
| {
| (void) strchr;
|   ;
|   return 0;
| }
configure:17741: i686-w64-mingw32-gcc -c -g -O2   conftest.c >&5
configure:17741: $? = 0
configure:17758: result: none needed
configure:17772: checking whether TFD_NONBLOCK is declared
configure:17772: i686-w64-mingw32-gcc -c -g -O2   conftest.c >&5
conftest.c:27:10: fatal error: sys/timerfd.h: No such file or directory
   27 | #include <sys/timerfd.h>
      |          ^~~~~~~~~~~~~~~
compilation terminated.
configure:17772: $? = 1
configure: failed program was:
| /* confdefs.h */
| #define PACKAGE_NAME "libusb"
| #define PACKAGE_TARNAME "libusb"
| #define PACKAGE_VERSION "1.0.23"
| #define PACKAGE_STRING "libusb 1.0.23"
| #define PACKAGE_BUGREPORT "libusb-devel@lists.sourceforge.net"
| #define PACKAGE_URL "http://libusb.info"
| #define PACKAGE "libusb"
| #define VERSION "1.0.23"
| #define HAVE_STDIO_H 1
| #define HAVE_STDLIB_H 1
| #define HAVE_STRING_H 1
| #define HAVE_INTTYPES_H 1
| #define HAVE_STDINT_H 1
| #define HAVE_STRINGS_H 1
| #define HAVE_SYS_STAT_H 1
| #define HAVE_SYS_TYPES_H 1
| #define HAVE_UNISTD_H 1
| #define STDC_HEADERS 1
| #define LT_OBJDIR ".libs/"
| #define _GNU_SOURCE 1
| #define OS_WINDOWS 1
| #define POLL_NFDS_TYPE unsigned int
| #define WINVER 0x0501
| #define _WIN32_WINNT 0x0501
| /* end confdefs.h.  */
| #include <sys/timerfd.h>
| 
| int
| main (void)
| {
| #ifndef TFD_NONBLOCK
| #ifdef __cplusplus
|   (void) TFD_NONBLOCK;
| #else
|   (void) TFD_NONBLOCK;
| #endif
| #endif
| 
|   ;
|   return 0;
| }
configure:17772: result: no
configure:17787: checking whether TFD_CLOEXEC is declared
configure:17787: i686-w64-mingw32-gcc -c -g -O2   conftest.c >&5
conftest.c:28:10: fatal error: sys/timerfd.h: No such file or directory
   28 | #include <sys/timerfd.h>
      |          ^~~~~~~~~~~~~~~
compilation terminated.
configure:17787: $? = 1
configure: failed program was:
| /* confdefs.h */
| #define PACKAGE_NAME "libusb"
| #define PACKAGE_TARNAME "libusb"
| #define PACKAGE_VERSION "1.0.23"
| #define PACKAGE_STRING "libusb 1.0.23"
| #define PACKAGE_BUGREPORT "libusb-devel@lists.sourceforge.net"
| #define PACKAGE_URL "http://libusb.info"
| #define PACKAGE "libusb"
| #define VERSION "1.0.23"
| #define HAVE_STDIO_H 1
| #define HAVE_STDLIB_H 1
| #define HAVE_STRING_H 1
| #define HAVE_INTTYPES_H 1
| #define HAVE_STDINT_H 1
| #define HAVE_STRINGS_H 1
| #define HAVE_SYS_STAT_H 1
| #define HAVE_SYS_TYPES_H 1
| #define HAVE_UNISTD_H 1
| #define STDC_HEADERS 1
| #define LT_OBJDIR ".libs/"
| #define _GNU_SOURCE 1
| #define OS_WINDOWS 1
| #define POLL_NFDS_TYPE unsigned int
| #define WINVER 0x0501
| #define _WIN32_WINNT 0x0501
| #define HAVE_DECL_TFD_NONBLOCK 0
| /* end confdefs.h.  */
| #include <sys/timerfd.h>
| 
| int
| main (void)
| {
| #ifndef TFD_CLOEXEC
| #ifdef __cplusplus
|   (void) TFD_CLOEXEC;
| #else
|   (void) TFD_CLOEXEC;
| #endif
| #endif
| 
|   ;
|   return 0;
| }
configure:17787: result: no
configure:17807: checking whether to use timerfd for timing
configure:17820: result: no (header not available)
configure:17825: checking for pipe2
configure:17825: i686-w64-mingw32-gcc -o conftest.exe -g -O2   conftest.c  >&5
/usr/bin/i686-w64-mingw32-ld: /tmp/ccZx5iHb.o: in function `main':
/32/libusb-1.0.23/conftest.c:56: undefined reference to `pipe2'
collect2: error: ld returned 1 exit status
configure:17825: $? = 1
configure: failed program was:
| /* confdefs.h */
| #define PACKAGE_NAME "libusb"
| #define PACKAGE_TARNAME "libusb"
| #define PACKAGE_VERSION "1.0.23"
| #define PACKAGE_STRING "libusb 1.0.23"
| #define PACKAGE_BUGREPORT "libusb-devel@lists.sourceforge.net"
| #define PACKAGE_URL "http://libusb.info"
| #define PACKAGE "libusb"
| #define VERSION "1.0.23"
| #define HAVE_STDIO_H 1
| #define HAVE_STDLIB_H 1
| #define HAVE_STRING_H 1
| #define HAVE_INTTYPES_H 1
| #define HAVE_STDINT_H 1
| #define HAVE_STRINGS_H 1
| #define HAVE_SYS_STAT_H 1
| #define HAVE_SYS_TYPES_H 1
| #define HAVE_UNISTD_H 1
| #define STDC_HEADERS 1
| #define LT_OBJDIR ".libs/"
| #define _GNU_SOURCE 1
| #define OS_WINDOWS 1
| #define POLL_NFDS_TYPE unsigned int
| #define WINVER 0x0501
| #define _WIN32_WINNT 0x0501
| #define HAVE_DECL_TFD_NONBLOCK 0
| #define HAVE_DECL_TFD_CLOEXEC 0
| /* end confdefs.h.  */
| /* Define pipe2 to an innocuous variant, in case <limits.h> declares pipe2.
|    For example, HP-UX 11i <limits.h> declares gettimeofday.  */
| #define pipe2 innocuous_pipe2
| 
| /* System header to define __stub macros and hopefully few prototypes,
|    which can conflict with char pipe2 (); below.  */
| 
| #include <limits.h>
| #undef pipe2
| 
| /* Override any GCC internal prototype to avoid an error.
|    Use char because int might match the return type of a GCC
|    builtin and then its argument prototype would still apply.  */
| #ifdef __cplusplus
| extern "C"
| #endif
| char pipe2 ();
| /* The GNU C library defines this for functions which it implements
|     to always fail with ENOSYS.  Some functions are actually named
|     something starting with __ and the normal name is an alias.  */
| #if defined __stub_pipe2 || defined __stub___pipe2
| choke me
| #endif
| 
| int
| main (void)
| {
| return pipe2 ();
|   ;
|   return 0;
| }
configure:17825: result: no
configure:17832: checking for struct timespec
configure:17832: i686-w64-mingw32-gcc -c -g -O2  conftest.c >&5
configure:17832: $? = 0
configure:17832: i686-w64-mingw32-gcc -c -g -O2  conftest.c >&5
conftest.c: In function 'main':
conftest.c:60:30: error: expected expression before ')' token
   60 | if (sizeof ((struct timespec)))
      |                              ^
configure:17832: $? = 1
configure: failed program was:
| /* confdefs.h */
| #define PACKAGE_NAME "libusb"
| #define PACKAGE_TARNAME "libusb"
| #define PACKAGE_VERSION "1.0.23"
| #define PACKAGE_STRING "libusb 1.0.23"
| #define PACKAGE_BUGREPORT "libusb-devel@lists.sourceforge.net"
| #define PACKAGE_URL "http://libusb.info"
| #define PACKAGE "libusb"
| #define VERSION "1.0.23"
| #define HAVE_STDIO_H 1
| #define HAVE_STDLIB_H 1
| #define HAVE_STRING_H 1
| #define HAVE_INTTYPES_H 1
| #define HAVE_STDINT_H 1
| #define HAVE_STRINGS_H 1
| #define HAVE_SYS_STAT_H 1
| #define HAVE_SYS_TYPES_H 1
| #define HAVE_UNISTD_H 1
| #define STDC_HEADERS 1
| #define LT_OBJDIR ".libs/"
| #define _GNU_SOURCE 1
| #define OS_WINDOWS 1
| #define POLL_NFDS_TYPE unsigned int
| #define WINVER 0x0501
| #define _WIN32_WINNT 0x0501
| #define HAVE_DECL_TFD_NONBLOCK 0
| #define HAVE_DECL_TFD_CLOEXEC 0
| /* end confdefs.h.  */
| #include <stddef.h>
| #ifdef HAVE_STDIO_H
| # include <stdio.h>
| #endif
| #ifdef HAVE_STDLIB_H
| # include <stdlib.h>
| #endif
| #ifdef HAVE_STRING_H
| # include <string.h>
| #endif
| #ifdef HAVE_INTTYPES_H
| # include <inttypes.h>
| #endif
| #ifdef HAVE_STDINT_H
| # include <stdint.h>
| #endif
| #ifdef HAVE_STRINGS_H
| # include <strings.h>
| #endif
| #ifdef HAVE_SYS_TYPES_H
| # include <sys/types.h>
| #endif
| #ifdef HAVE_SYS_STAT_H
| # include <sys/stat.h>
| #endif
| #ifdef HAVE_UNISTD_H
| # include <unistd.h>
| #endif
| int
| main (void)
| {
| if (sizeof ((struct timespec)))
| 	    return 0;
|   ;
|   return 0;
| }
configure:17832: result: yes
configure:17944: checking for sys/time.h
configure:17944: i686-w64-mingw32-gcc -c -g -O2  conftest.c >&5
configure:17944: $? = 0
configure:17944: result: yes
configure:17953: checking for sigaction
configure:17953: i686-w64-mingw32-gcc -o conftest.exe -g -O2   conftest.c  >&5
/usr/bin/i686-w64-mingw32-ld: /tmp/ccFmuGCC.o: in function `main':
/32/libusb-1.0.23/conftest.c:59: undefined reference to `sigaction'
collect2: error: ld returned 1 exit status
configure:17953: $? = 1
configure: failed program was:
| /* confdefs.h */
| #define PACKAGE_NAME "libusb"
| #define PACKAGE_TARNAME "libusb"
| #define PACKAGE_VERSION "1.0.23"
| #define PACKAGE_STRING "libusb 1.0.23"
| #define PACKAGE_BUGREPORT "libusb-devel@lists.sourceforge.net"
| #define PACKAGE_URL "http://libusb.info"
| #define PACKAGE "libusb"
| #define VERSION "1.0.23"
| #define HAVE_STDIO_H 1
| #define HAVE_STDLIB_H 1
| #define HAVE_STRING_H 1
| #define HAVE_INTTYPES_H 1
| #define HAVE_STDINT_H 1
| #define HAVE_STRINGS_H 1
| #define HAVE_SYS_STAT_H 1
| #define HAVE_SYS_TYPES_H 1
| #define HAVE_UNISTD_H 1
| #define STDC_HEADERS 1
| #define LT_OBJDIR ".libs/"
| #define _GNU_SOURCE 1
| #define OS_WINDOWS 1
| #define POLL_NFDS_TYPE unsigned int
| #define WINVER 0x0501
| #define _WIN32_WINNT 0x0501
| #define HAVE_DECL_TFD_NONBLOCK 0
| #define HAVE_DECL_TFD_CLOEXEC 0
| #define HAVE_STRUCT_TIMESPEC 1
| #define ENABLE_LOGGING 1
| #define HAVE_SYS_TIME_H 1
| /* end confdefs.h.  */
| /* Define sigaction to an innocuous variant, in case <limits.h> declares sigaction.
|    For example, HP-UX 11i <limits.h> declares gettimeofday.  */
| #define sigaction innocuous_sigaction
| 
| /* System header to define __stub macros and hopefully few prototypes,
|    which can conflict with char sigaction (); below.  */
| 
| #include <limits.h>
| #undef sigaction
| 
| /* Override any GCC internal prototype to avoid an error.
|    Use char because int might match the return type of a GCC
|    builtin and then its argument prototype would still apply.  */
| #ifdef __cplusplus
| extern "C"
| #endif
| char sigaction ();
| /* The GNU C library defines this for functions which it implements
|     to always fail with ENOSYS.  Some functions are actually named
|     something starting with __ and the normal name is an alias.  */
| #if defined __stub_sigaction || defined __stub___sigaction
| choke me
| #endif
| 
| int
| main (void)
| {
| return sigaction ();
|   ;
|   return 0;
| }
configure:17953: result: no
configure:17985: i686-w64-mingw32-gcc -c -g -O2 -Werror -fvisibility=hidden  conftest.c >&5
configure:17985: $? = 0
configure:18014: i686-w64-mingw32-gcc -c -g -O2 -Wno-pointer-sign  conftest.c >&5
configure:18014: $? = 0
configure:18026: checking whether CC supports -std=gnu99
configure:18039: i686-w64-mingw32-gcc -c -std=gnu99  conftest.c >&5
configure:18039: $? = 0
configure:18041: result: yes
configure:18172: checking that generated files are newer than configure
configure:18178: result: done
configure:18257: creating ./config.status

## ---------------------- ##
## Running config.status. ##
## ---------------------- ##

This file was extended by libusb config.status 1.0.23, which was
generated by GNU Autoconf 2.71.  Invocation command line was

  CONFIG_FILES    = 
  CONFIG_HEADERS  = 
  CONFIG_LINKS    = 
  CONFIG_COMMANDS = 
  $ ./config.status 

on HP-PAVILION-590

config.status:1269: creating libusb-1.0.pc
config.status:1269: creating Makefile
config.status:1269: creating libusb/Makefile
config.status:1269: creating examples/Makefile
config.status:1269: creating tests/Makefile
config.status:1269: creating doc/Makefile
config.status:1269: creating doc/doxygen.cfg
config.status:1269: creating config.h
config.status:1498: executing depfiles commands
config.status:1575: cd libusb       && sed -e '/# am--include-marker/d' Makefile         | make -f - am--depfiles
make: Nothing to be done for 'am--depfiles'.
config.status:1580: $? = 0
config.status:1575: cd examples       && sed -e '/# am--include-marker/d' Makefile         | make -f - am--depfiles
make: Nothing to be done for 'am--depfiles'.
config.status:1580: $? = 0
config.status:1575: cd tests       && sed -e '/# am--include-marker/d' Makefile         | make -f - am--depfiles
make: Nothing to be done for 'am--depfiles'.
config.status:1580: $? = 0
config.status:1498: executing libtool commands

## ---------------- ##
## Cache variables. ##
## ---------------- ##

ac_cv_build=x86_64-pc-linux-gnu
ac_cv_c_compiler_gnu=yes
ac_cv_c_inline=inline
ac_cv_c_undeclared_builtin_options='none needed'
ac_cv_cxx_compiler_gnu=yes
ac_cv_env_CCC_set=
ac_cv_env_CCC_value=
ac_cv_env_CC_set=
ac_cv_env_CC_value=
ac_cv_env_CFLAGS_set=
ac_cv_env_CFLAGS_value=
ac_cv_env_CPPFLAGS_set=
ac_cv_env_CPPFLAGS_value=
ac_cv_env_CXXCPP_set=
ac_cv_env_CXXCPP_value=
ac_cv_env_CXXFLAGS_set=
ac_cv_env_CXXFLAGS_value=
ac_cv_env_CXX_set=
ac_cv_env_CXX_value=
ac_cv_env_LDFLAGS_set=
ac_cv_env_LDFLAGS_value=
ac_cv_env_LIBS_set=
ac_cv_env_LIBS_value=
ac_cv_env_LT_SYS_LIBRARY_PATH_set=
ac_cv_env_LT_SYS_LIBRARY_PATH_value=
ac_cv_env_build_alias_set=
ac_cv_env_build_alias_value=
ac_cv_env_host_alias_set=set
ac_cv_env_host_alias_value=i686-w64-mingw32
ac_cv_env_target_alias_set=
ac_cv_env_target_alias_value=
ac_cv_exeext=.exe
ac_cv_func_pipe2=no
ac_cv_func_sigaction=no
ac_cv_have_decl_TFD_CLOEXEC=no
ac_cv_have_decl_TFD_NONBLOCK=no
ac_cv_header_dlfcn_h=no
ac_cv_header_inttypes_h=yes
ac_cv_header_stdint_h=yes
ac_cv_header_stdio_h=yes
ac_cv_header_stdlib_h=yes
ac_cv_header_string_h=yes
ac_cv_header_strings_h=yes
ac_cv_header_sys_stat_h=yes
ac_cv_header_sys_time_h=yes
ac_cv_header_sys_timerfd_h=no
ac_cv_header_sys_types_h=yes
ac_cv_header_unistd_h=yes
ac_cv_host=i686-w64-mingw32
ac_cv_objext=o
ac_cv_path_EGREP='/usr/bin/grep -E'
ac_cv_path_FGREP='/usr/bin/grep -F'
ac_cv_path_GREP=/usr/bin/grep
ac_cv_path_SED=/usr/bin/sed
ac_cv_path_install='/usr/bin/install -c'
ac_cv_path_lt_DD=/usr/bin/dd
ac_cv_path_mkdir=/usr/bin/mkdir
ac_cv_prog_AR=i686-w64-mingw32-ar
ac_cv_prog_AWK=gawk
ac_cv_prog_CC=i686-w64-mingw32-gcc
ac_cv_prog_CXX=i686-w64-mingw32-g++
ac_cv_prog_CXXCPP='i686-w64-mingw32-g++ -E'
ac_cv_prog_DLLTOOL=i686-w64-mingw32-dlltool
ac_cv_prog_OBJDUMP=i686-w64-mingw32-objdump
ac_cv_prog_RANLIB=i686-w64-mingw32-ranlib
ac_cv_prog_RC=i686-w64-mingw32-windres
ac_cv_prog_STRIP=i686-w64-mingw32-strip
ac_cv_prog_ac_ct_FILECMD=file
ac_cv_prog_ac_ct_MANIFEST_TOOL=mt
ac_cv_prog_cc_c11=
ac_cv_prog_cc_g=yes
ac_cv_prog_cc_stdc=
ac_cv_prog_cxx_11=no
ac_cv_prog_cxx_cxx11=
ac_cv_prog_cxx_g=yes
ac_cv_prog_cxx_stdcxx=
ac_cv_prog_make_make_set=yes
ac_cv_type_struct_timespec=yes
am_cv_CC_dependencies_compiler_type=gcc3
am_cv_CXX_dependencies_compiler_type=gcc3
am_cv_make_support_nested_variables=yes
am_cv_prog_cc_c_o=yes
lt_cv_ar_at_file=@
lt_cv_archive_cmds_need_lc=yes
lt_cv_deplibs_check_method='file_magic ^x86 archive import|^x86 DLL'
lt_cv_file_magic_cmd=func_win32_libid
lt_cv_file_magic_test_file=
lt_cv_ld_reload_flag=-r
lt_cv_nm_interface='BSD nm'
lt_cv_objdir=.libs
lt_cv_path_LD=/usr/bin/i686-w64-mingw32-ld
lt_cv_path_LDCXX=/usr/bin/i686-w64-mingw32-ld
lt_cv_path_NM='/usr/bin/i686-w64-mingw32-nm -B'
lt_cv_path_mainfest_tool=no
lt_cv_prog_compiler_c_o=yes
lt_cv_prog_compiler_c_o_CXX=yes
lt_cv_prog_compiler_c_o_RC=yes
lt_cv_prog_compiler_pic='-DDLL_EXPORT -DPIC'
lt_cv_prog_compiler_pic_CXX='-DDLL_EXPORT -DPIC'
lt_cv_prog_compiler_pic_works=yes
lt_cv_prog_compiler_pic_works_CXX=yes
lt_cv_prog_compiler_rtti_exceptions=no
lt_cv_prog_compiler_static_works=yes
lt_cv_prog_compiler_static_works_CXX=yes
lt_cv_prog_gnu_ld=yes
lt_cv_prog_gnu_ldcxx=yes
lt_cv_sharedlib_from_linklib_cmd=func_cygming_dll_for_implib
lt_cv_sys_global_symbol_pipe='/usr/bin/sed -n -e '\''s/^.*[	 ]\([ABCDGIRSTW][ABCDGIRSTW]*\)[	 ][	 ]*_\([_A-Za-z][_A-Za-z0-9]*\)$/\1 _\2 \2/p'\'' | /usr/bin/sed '\''/ __gnu_lto/d'\'''
lt_cv_sys_global_symbol_to_c_name_address='/usr/bin/sed -n -e '\''s/^: \(.*\) .*$/  {"\1", (void *) 0},/p'\'' -e '\''s/^[ABCDGIRSTW][ABCDGIRSTW]* .* \(.*\)$/  {"\1", (void *) \&\1},/p'\'''
lt_cv_sys_global_symbol_to_c_name_address_lib_prefix='/usr/bin/sed -n -e '\''s/^: \(.*\) .*$/  {"\1", (void *) 0},/p'\'' -e '\''s/^[ABCDGIRSTW][ABCDGIRSTW]* .* \(lib.*\)$/  {"\1", (void *) \&\1},/p'\'' -e '\''s/^[ABCDGIRSTW][ABCDGIRSTW]* .* \(.*\)$/  {"lib\1", (void *) \&\1},/p'\'''
lt_cv_sys_global_symbol_to_cdecl='/usr/bin/sed -n -e '\''s/^T .* \(.*\)$/extern int \1();/p'\'' -e '\''s/^[ABCDGIRSTW][ABCDGIRSTW]* .* \(.*\)$/extern char \1;/p'\'''
lt_cv_sys_global_symbol_to_import=
lt_cv_sys_max_cmd_len=1572864
lt_cv_to_host_file_cmd=func_convert_file_nix_to_w32
lt_cv_to_tool_file_cmd=func_convert_file_noop
lt_cv_truncate_bin='/usr/bin/dd bs=4096 count=1'

## ----------------- ##
## Output variables. ##
## ----------------- ##

ACLOCAL='${SHELL} '\''/32/libusb-1.0.23/missing'\'' aclocal-1.16'
AMDEPBACKSLASH='\'
AMDEP_FALSE='#'
AMDEP_TRUE=''
AMTAR='$${TAR-tar}'
AM_BACKSLASH='\'
AM_CFLAGS=' -fno-omit-frame-pointer -std=gnu99 -Wall -Wundef -Wunused -Wstrict-prototypes -Werror-implicit-function-declaration -Wno-pointer-sign -Wshadow  -fvisibility=hidden'
AM_DEFAULT_V='$(AM_DEFAULT_VERBOSITY)'
AM_DEFAULT_VERBOSITY='0'
AM_V='$(V)'
AR='i686-w64-mingw32-ar'
AUTOCONF='${SHELL} '\''/32/libusb-1.0.23/missing'\'' autoconf'
AUTOHEADER='${SHELL} '\''/32/libusb-1.0.23/missing'\'' autoheader'
AUTOMAKE='${SHELL} '\''/32/libusb-1.0.23/missing'\'' automake-1.16'
AWK='gawk'
BUILD_EXAMPLES_FALSE='#'
BUILD_EXAMPLES_TRUE=''
BUILD_TESTS_FALSE='#'
BUILD_TESTS_TRUE=''
CC='i686-w64-mingw32-gcc'
CCDEPMODE='depmode=gcc3'
CFLAGS='-g -O2'
CPPFLAGS=''
CREATE_IMPORT_LIB_FALSE='#'
CREATE_IMPORT_LIB_TRUE=''
CSCOPE='cscope'
CTAGS='ctags'
CXX='i686-w64-mingw32-g++'
CXXCPP='i686-w64-mingw32-g++ -E'
CXXDEPMODE='depmode=gcc3'
CXXFLAGS='-g -O2'
CYGPATH_W='echo'
DEFS='-DHAVE_CONFIG_H'
DEPDIR='.deps'
DLLTOOL='i686-w64-mingw32-dlltool'
DSYMUTIL=''
DUMPBIN=''
ECHO_C=''
ECHO_N='-n'
ECHO_T=''
EGREP='/usr/bin/grep -E'
ETAGS='etags'
EXEEXT='.exe'
FGREP='/usr/bin/grep -F'
FILECMD='file'
GREP='/usr/bin/grep'
HAVE_SIGACTION_FALSE=''
HAVE_SIGACTION_TRUE='#'
INSTALL_DATA='${INSTALL} -m 644'
INSTALL_PROGRAM='${INSTALL}'
INSTALL_SCRIPT='${INSTALL}'
INSTALL_STRIP_PROGRAM='$(install_sh) -c -s'
LD='/usr/bin/i686-w64-mingw32-ld'
LDFLAGS=''
LIBOBJS=''
LIBS=''
LIBTOOL='$(SHELL) $(top_builddir)/libtool'
LIPO=''
LN_S='ln -s'
LTLDFLAGS='-version-info 2:0:2 -no-undefined -avoid-version -Wl,--add-stdcall-alias'
LTLIBOBJS=''
LT_SYS_LIBRARY_PATH=''
MAKEINFO='${SHELL} '\''/32/libusb-1.0.23/missing'\'' makeinfo'
MANIFEST_TOOL=':'
MKDIR_P='/usr/bin/mkdir -p'
NM='/usr/bin/i686-w64-mingw32-nm -B'
NMEDIT=''
OBJDUMP='i686-w64-mingw32-objdump'
OBJEXT='o'
OS_DARWIN=''
OS_DARWIN_FALSE=''
OS_DARWIN_TRUE='#'
OS_HAIKU=''
OS_HAIKU_FALSE=''
OS_HAIKU_TRUE='#'
OS_LINUX=''
OS_LINUX_FALSE=''
OS_LINUX_TRUE='#'
OS_NETBSD=''
OS_NETBSD_FALSE=''
OS_NETBSD_TRUE='#'
OS_OPENBSD=''
OS_OPENBSD_FALSE=''
OS_OPENBSD_TRUE='#'
OS_SUNOS=''
OS_SUNOS_FALSE=''
OS_SUNOS_TRUE='#'
OS_WINDOWS=''
OS_WINDOWS_FALSE='#'
OS_WINDOWS_TRUE=''
OTOOL64=''
OTOOL=''
PACKAGE='libusb'
PACKAGE_BUGREPORT='libusb-devel@lists.sourceforge.net'
PACKAGE_NAME='libusb'
PACKAGE_STRING='libusb 1.0.23'
PACKAGE_TARNAME='libusb'
PACKAGE_URL='http://libusb.info'
PACKAGE_VERSION='1.0.23'
PATH_SEPARATOR=':'
RANLIB='i686-w64-mingw32-ranlib'
RC='i686-w64-mingw32-windres'
SED='/usr/bin/sed'
SET_MAKE=''
SHELL='/bin/bash'
STRIP='i686-w64-mingw32-strip'
THREADS_POSIX_FALSE=''
THREADS_POSIX_TRUE='#'
USE_UDEV=''
USE_UDEV_FALSE=''
USE_UDEV_TRUE='#'
VERSION='1.0.23'
ac_ct_AR=''
ac_ct_CC=''
ac_ct_CXX=''
ac_ct_DUMPBIN=''
am__EXEEXT_FALSE='#'
am__EXEEXT_TRUE=''
am__fastdepCC_FALSE='#'
am__fastdepCC_TRUE=''
am__fastdepCXX_FALSE='#'
am__fastdepCXX_TRUE=''
am__include='include'
am__isrc=''
am__leading_dot='.'
am__nodep='_no'
am__quote=''
am__tar='$${TAR-tar} chof - "$$tardir"'
am__untar='$${TAR-tar} xf -'
bindir='${exec_prefix}/bin'
build='x86_64-pc-linux-gnu'
build_alias=''
build_cpu='x86_64'
build_os='linux-gnu'
build_vendor='pc'
datadir='${datarootdir}'
datarootdir='${prefix}/share'
docdir='${datarootdir}/doc/${PACKAGE_TARNAME}'
dvidir='${docdir}'
exec_prefix='${prefix}'
host='i686-w64-mingw32'
host_alias='i686-w64-mingw32'
host_cpu='i686'
host_os='mingw32'
host_vendor='w64'
htmldir='${docdir}'
includedir='${prefix}/include'
infodir='${datarootdir}/info'
install_sh='${SHELL} /32/libusb-1.0.23/install-sh'
libdir='${exec_prefix}/lib'
libexecdir='${exec_prefix}/libexec'
localedir='${datarootdir}/locale'
localstatedir='${prefix}/var'
mandir='${datarootdir}/man'
mkdir_p='$(MKDIR_P)'
oldincludedir='/usr/include'
pdfdir='${docdir}'
prefix='/32/L'
program_transform_name='s,x,x,'
psdir='${docdir}'
runstatedir='${localstatedir}/run'
sbindir='${exec_prefix}/sbin'
sharedstatedir='${prefix}/com'
sysconfdir='${prefix}/etc'
target_alias=''

## ----------- ##
## confdefs.h. ##
## ----------- ##

/* confdefs.h */
#define PACKAGE_NAME "libusb"
#define PACKAGE_TARNAME "libusb"
#define PACKAGE_VERSION "1.0.23"
#define PACKAGE_STRING "libusb 1.0.23"
#define PACKAGE_BUGREPORT "libusb-devel@lists.sourceforge.net"
#define PACKAGE_URL "http://libusb.info"
#define PACKAGE "libusb"
#define VERSION "1.0.23"
#define HAVE_STDIO_H 1
#define HAVE_STDLIB_H 1
#define HAVE_STRING_H 1
#define HAVE_INTTYPES_H 1
#define HAVE_STDINT_H 1
#define HAVE_STRINGS_H 1
#define HAVE_SYS_STAT_H 1
#define HAVE_SYS_TYPES_H 1
#define HAVE_UNISTD_H 1
#define STDC_HEADERS 1
#define LT_OBJDIR ".libs/"
#define _GNU_SOURCE 1
#define OS_WINDOWS 1
#define POLL_NFDS_TYPE unsigned int
#define WINVER 0x0501
#define _WIN32_WINNT 0x0501
#define HAVE_DECL_TFD_NONBLOCK 0
#define HAVE_DECL_TFD_CLOEXEC 0
#define HAVE_STRUCT_TIMESPEC 1
#define ENABLE_LOGGING 1
#define HAVE_SYS_TIME_H 1
#define DEFAULT_VISIBILITY __attribute__((visibility("default")))

configure: exit 0
